{"__type":"$$EventMessageAudit","id":"5a8caba6-ef54-4a28-a58d-e433469548a7","ts":"2026-03-28T00:54:15.699+03:00","eventName":"n8n.audit.user.credentials.created","message":"n8n.audit.user.credentials.created","payload":{"userId":"4e83386b-165e-410c-98a5-12bdddd938ed","_email":"fshah1432@gmail.com","_firstName":"Fahim","_lastName":"Shahriar","globalRole":"global:owner","credentialType":"postgres","credentialId":"cZRua677UGlbayxX","publicApi":false,"projectId":"338rozZl9DhQ40eC","projectType":"personal"}}
{"__type":"$$EventMessageConfirm","confirm":"5a8caba6-ef54-4a28-a58d-e433469548a7","ts":"2026-03-28T00:54:15.700+03:00","source":{"id":"0","name":"eventBus"}}
{"__type":"$$EventMessageAudit","id":"a0a86715-8bab-4c9f-8d27-5779e5658736","ts":"2026-03-28T00:57:32.053+03:00","eventName":"n8n.audit.user.credentials.updated","message":"n8n.audit.user.credentials.updated","payload":{"userId":"4e83386b-165e-410c-98a5-12bdddd938ed","_email":"fshah1432@gmail.com","_firstName":"Fahim","_lastName":"Shahriar","globalRole":"global:owner","credentialType":"postgres","credentialId":"cZRua677UGlbayxX"}}
{"__type":"$$EventMessageConfirm","confirm":"a0a86715-8bab-4c9f-8d27-5779e5658736","ts":"2026-03-28T00:57:32.055+03:00","source":{"id":"0","name":"eventBus"}}
{"__type":"$$EventMessageAudit","id":"891056b6-6b55-4a54-9812-fdb813ba5096","ts":"2026-03-28T00:57:46.276+03:00","eventName":"n8n.audit.user.credentials.updated","message":"n8n.audit.user.credentials.updated","payload":{"userId":"4e83386b-165e-410c-98a5-12bdddd938ed","_email":"fshah1432@gmail.com","_firstName":"Fahim","_lastName":"Shahriar","globalRole":"global:owner","credentialType":"postgres","credentialId":"cZRua677UGlbayxX"}}
{"__type":"$$EventMessageConfirm","confirm":"891056b6-6b55-4a54-9812-fdb813ba5096","ts":"2026-03-28T00:57:46.276+03:00","source":{"id":"0","name":"eventBus"}}
{"__type":"$$EventMessageAudit","id":"3a574188-ae0c-499d-9ef9-6675bf217027","ts":"2026-03-28T00:57:59.723+03:00","eventName":"n8n.audit.user.credentials.updated","message":"n8n.audit.user.credentials.updated","payload":{"userId":"4e83386b-165e-410c-98a5-12bdddd938ed","_email":"fshah1432@gmail.com","_firstName":"Fahim","_lastName":"Shahriar","globalRole":"global:owner","credentialType":"postgres","credentialId":"cZRua677UGlbayxX"}}
{"__type":"$$EventMessageConfirm","confirm":"3a574188-ae0c-499d-9ef9-6675bf217027","ts":"2026-03-28T00:57:59.724+03:00","source":{"id":"0","name":"eventBus"}}
{"__type":"$$EventMessageAudit","id":"ceb1d01a-70b0-4146-b5a7-498c7004fcd2","ts":"2026-03-28T01:00:20.849+03:00","eventName":"n8n.audit.workflow.created","message":"n8n.audit.workflow.created","payload":{"userId":"4e83386b-165e-410c-98a5-12bdddd938ed","_email":"fshah1432@gmail.com","_firstName":"Fahim","_lastName":"Shahriar","globalRole":"global:owner","workflowId":"9Uh8Ba1BW9kVAheU","workflowName":"My workflow"}}
{"__type":"$$EventMessageConfirm","confirm":"ceb1d01a-70b0-4146-b5a7-498c7004fcd2","ts":"2026-03-28T01:00:20.849+03:00","source":{"id":"0","name":"eventBus"}}
{"__type":"$$EventMessageWorkflow","id":"c94ed654-4981-4c68-9433-4ef78739d7ad","ts":"2026-03-28T01:00:20.905+03:00","eventName":"n8n.workflow.started","message":"n8n.workflow.started","payload":{"executionId":"1","workflowId":"9Uh8Ba1BW9kVAheU","isManual":false,"workflowName":"My workflow"}}
{"__type":"$$EventMessageConfirm","confirm":"c94ed654-4981-4c68-9433-4ef78739d7ad","ts":"2026-03-28T01:00:20.905+03:00","source":{"id":"0","name":"eventBus"}}
{"__type":"$$EventMessageNode","id":"8b761862-12d3-4daf-bed0-89cfa04d27bf","ts":"2026-03-28T01:00:20.907+03:00","eventName":"n8n.node.started","message":"n8n.node.started","payload":{"workflowId":"9Uh8Ba1BW9kVAheU","workflowName":"My workflow","executionId":"1","nodeType":"n8n-nodes-base.manualTrigger","nodeName":"When clicking ‘Execute workflow’","nodeId":"6bea7d39-223c-487d-990c-89af89614357"}}
{"__type":"$$EventMessageConfirm","confirm":"8b761862-12d3-4daf-bed0-89cfa04d27bf","ts":"2026-03-28T01:00:20.907+03:00","source":{"id":"0","name":"eventBus"}}
{"__type":"$$EventMessageNode","id":"c19e0fe5-165b-4df6-bf46-c0235b009bcb","ts":"2026-03-28T01:00:20.910+03:00","eventName":"n8n.node.finished","message":"n8n.node.finished","payload":{"workflowId":"9Uh8Ba1BW9kVAheU","workflowName":"My workflow","executionId":"1","nodeType":"n8n-nodes-base.manualTrigger","nodeName":"When clicking ‘Execute workflow’","nodeId":"6bea7d39-223c-487d-990c-89af89614357"}}
{"__type":"$$EventMessageConfirm","confirm":"c19e0fe5-165b-4df6-bf46-c0235b009bcb","ts":"2026-03-28T01:00:20.910+03:00","source":{"id":"0","name":"eventBus"}}
{"__type":"$$EventMessageNode","id":"9f71a8e9-b292-4045-bb5d-7a76b20459f4","ts":"2026-03-28T01:00:20.910+03:00","eventName":"n8n.node.started","message":"n8n.node.started","payload":{"workflowId":"9Uh8Ba1BW9kVAheU","workflowName":"My workflow","executionId":"1","nodeType":"n8n-nodes-base.postgres","nodeName":"Execute a SQL query","nodeId":"c06b7671-c33d-4d80-ad63-2356f368d8c5"}}
{"__type":"$$EventMessageConfirm","confirm":"9f71a8e9-b292-4045-bb5d-7a76b20459f4","ts":"2026-03-28T01:00:20.910+03:00","source":{"id":"0","name":"eventBus"}}
{"__type":"$$EventMessageNode","id":"93c6b632-7117-4ac1-aeb5-a5c66d1038e2","ts":"2026-03-28T01:00:20.928+03:00","eventName":"n8n.node.finished","message":"n8n.node.finished","payload":{"workflowId":"9Uh8Ba1BW9kVAheU","workflowName":"My workflow","executionId":"1","nodeType":"n8n-nodes-base.postgres","nodeName":"Execute a SQL query","nodeId":"c06b7671-c33d-4d80-ad63-2356f368d8c5"}}
{"__type":"$$EventMessageConfirm","confirm":"93c6b632-7117-4ac1-aeb5-a5c66d1038e2","ts":"2026-03-28T01:00:20.928+03:00","source":{"id":"0","name":"eventBus"}}
{"__type":"$$EventMessageWorkflow","id":"cbfd68e1-318f-49e5-8725-23cd54c40892","ts":"2026-03-28T01:00:20.932+03:00","eventName":"n8n.workflow.success","message":"n8n.workflow.success","payload":{"userId":"4e83386b-165e-410c-98a5-12bdddd938ed","executionId":"1","success":true,"isManual":true,"workflowId":"9Uh8Ba1BW9kVAheU","workflowName":"My workflow"}}
{"__type":"$$EventMessageConfirm","confirm":"cbfd68e1-318f-49e5-8725-23cd54c40892","ts":"2026-03-28T01:00:20.932+03:00","source":{"id":"0","name":"eventBus"}}
